C:\Program Files (x86)\Microsoft Visual Studio\2017\Professional\Common7\IDE\VC\VCTargets\Microsoft.CppBuild.targets(377,5): warning MSB8004: Output Directory does not end with a trailing slash.  This build instance will add the slash as it is required to allow proper evaluation of the Output Directory.
  picaboo.cpp
c:\users\jason\source\repos\picaboo\picaboo\picaboo.cpp(69): warning C4477: 'printf' : format string '%p' requires an argument of type 'void *', but variadic argument 1 has type 'DWORD64'
c:\users\jason\source\repos\picaboo\picaboo\picaboo.cpp(90): warning C4311: 'type cast': pointer truncation from 'PVOID' to 'DWORD'
c:\users\jason\source\repos\picaboo\picaboo\picaboo.cpp(90): warning C4302: 'type cast': truncation from 'PVOID' to 'DWORD'
c:\users\jason\source\repos\picaboo\picaboo\picaboo.cpp(90): warning C4477: 'sprintf_s' : format string '%X' requires an argument of type 'unsigned int', but variadic argument 3 has type 'DWORD64'
  c:\users\jason\source\repos\picaboo\picaboo\picaboo.cpp(90): note: consider using '%llX' in the format string
  c:\users\jason\source\repos\picaboo\picaboo\picaboo.cpp(90): note: consider using '%IX' in the format string
  c:\users\jason\source\repos\picaboo\picaboo\picaboo.cpp(90): note: consider using '%I64X' in the format string
c:\users\jason\source\repos\picaboo\picaboo\picaboo.cpp(91): warning C4477: 'printf' : format string '%d' requires an argument of type 'int', but variadic argument 1 has type 'SIZE_T'
  c:\users\jason\source\repos\picaboo\picaboo\picaboo.cpp(91): note: consider using '%lld' in the format string
  c:\users\jason\source\repos\picaboo\picaboo\picaboo.cpp(91): note: consider using '%Id' in the format string
  c:\users\jason\source\repos\picaboo\picaboo\picaboo.cpp(91): note: consider using '%I64d' in the format string
c:\users\jason\source\repos\picaboo\picaboo\picaboo.cpp(98): warning C4244: 'argument': conversion from 'SIZE_T' to 'DWORD', possible loss of data
c:\users\jason\source\repos\picaboo\picaboo\picaboo.cpp(111): warning C4477: 'printf' : format string '%p' requires an argument of type 'void *', but variadic argument 2 has type 'DWORD64'
c:\users\jason\source\repos\picaboo\picaboo\picaboo.cpp(123): warning C4477: 'printf' : format string '%p' requires an argument of type 'void *', but variadic argument 1 has type 'DWORD64'
c:\users\jason\source\repos\picaboo\picaboo\picaboo.cpp(227): warning C4311: 'type cast': pointer truncation from 'PIMAGE_DOS_HEADER' to 'DWORD'
c:\users\jason\source\repos\picaboo\picaboo\picaboo.cpp(227): warning C4302: 'type cast': truncation from 'PIMAGE_DOS_HEADER' to 'DWORD'
c:\users\jason\source\repos\picaboo\picaboo\picaboo.cpp(227): warning C4312: 'type cast': conversion from 'unsigned long' to 'PIMAGE_NT_HEADERS' of greater size
c:\users\jason\source\repos\picaboo\picaboo\picaboo.cpp(286): warning C4326: return type of 'main' should be 'int' instead of 'void'
  Generating code
  1 of 12 functions ( 8.3%) were compiled, the rest were copied from previous compilation.
    0 functions were new in current compilation
    0 functions had inline decision re-evaluated but remain unchanged
  Finished generating code
  picaboo.vcxproj -> C:\Users\Jason\source\repos\picaboo\picaboo\..\Release\picaboo64.exe
